<?xml version="1.0" encoding="UTF-8"?>
<testng-results skipped="0" failed="0" total="3" passed="3">
  <reporter-output>
  </reporter-output>
  <suite name="Default suite" duration-ms="1403" started-at="2021-02-05T19:00:44Z" finished-at="2021-02-05T19:00:45Z">
    <groups>
    </groups>
    <test name="Default test" duration-ms="1403" started-at="2021-02-05T19:00:44Z" finished-at="2021-02-05T19:00:45Z">
      <class name="com.qa.testcases.Test1">
        <test-method status="PASS" signature="add()[pri:0, instance:com.qa.testcases.Test1@1bce4f0a]" name="add" duration-ms="13" started-at="2021-02-06T00:30:44Z" finished-at="2021-02-06T00:30:44Z">
          <reporter-output>
          </reporter-output>
        </test-method> <!-- add -->
        <test-method status="PASS" signature="readExcel()[pri:0, instance:com.qa.testcases.Test1@1bce4f0a]" name="readExcel" duration-ms="1371" started-at="2021-02-06T00:30:44Z" finished-at="2021-02-06T00:30:45Z">
          <reporter-output>
          </reporter-output>
        </test-method> <!-- readExcel -->
        <test-method status="PASS" signature="sub()[pri:0, instance:com.qa.testcases.Test1@1bce4f0a]" name="sub" duration-ms="1" started-at="2021-02-06T00:30:45Z" finished-at="2021-02-06T00:30:45Z">
          <reporter-output>
          </reporter-output>
        </test-method> <!-- sub -->
      </class> <!-- com.qa.testcases.Test1 -->
    </test> <!-- Default test -->
  </suite> <!-- Default suite -->
</testng-results>
