<?xml version="1.0" encoding="UTF-8"?>
<!-- Generated by org.testng.reporters.JUnitXMLReporter -->
<testsuite hostname="MAA2-LTB20HHR2" name="Test" tests="5" failures="0" timestamp="31 Jan 2021 11:11:12 GMT" time="13.092" errors="0">
  <testcase name="logoTest" time="0.229" classname="com.qa.testcases.LoginPageTest"/>
  <testcase name="loginTest" time="2.591" classname="com.qa.testcases.LoginPageTest"/>
  <testcase name="add" time="0.005" classname="com.qa.testcases.Test1"/>
  <testcase name="mul" time="0.002" classname="com.qa.testcases.Test1"/>
  <testcase name="sub" time="0.003" classname="com.qa.testcases.Test1"/>
</testsuite> <!-- Test -->
